<?xml version="1.0" encoding="UTF-8"?>
<testsuite xmlns:xsi="http://www.w3.org/2001/XMLSchema-instance" xsi:noNamespaceSchemaLocation="https://maven.apache.org/surefire/maven-surefire-plugin/xsd/surefire-test-report-3.0.xsd" version="3.0" name="runner.TestRunner" time="122.177" tests="8" errors="0" skipped="0" failures="4">
  <properties>
[...]
</properties>
  <testcase name="Create a public repository #1" classname="Create Repository" time="24.767">
    <failure message="&#10;Expected: &lt;201&gt;&#10;     but: was &lt;422&gt;" type="java.lang.AssertionError"><![CDATA[java.lang.AssertionError: 

Expected: <201>
     but: was <422>
]]></failure>
    <system-out><![CDATA[
Scenario Outline: Create a public repository                                               # src/test/resources/features/GithubCreateRepository.feature:15
---- Before scenario ----
Executing Given
  Given Header "Authorization" has value "Bearer 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" # stepdefinitions.StepDefinition.header_has_value(java.lang.String,java.lang.String)
Framework_Repo1
  And JSON Payload is as below                                                             # stepdefinitions.StepDefinition.json_payload(io.cucumber.datatable.DataTable)
Request method:	POST
Request URI:	https://api.github.com/orgs/orgchandra/repos
Proxy:			<none>
Request params:	<none>
Query params:	<none>
Form params:	<none>
Path params:	<none>
Headers:		Authorization=Bearer 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
				Accept=*/*
				Content-Type=text/plain; charset=ISO-8859-1
Cookies:		<none>
Multiparts:		<none>
Body:
{"name":"Framework_Repo1","description":"This repo is from framework1","private":true}
Executing When
  When "POST" request is executed                                                          # stepdefinitions.StepDefinition.request_is_executed(java.lang.String)
  Then Verify status code is 201                                                           # stepdefinitions.StepDefinition.verify_status_code_is(java.lang.Integer)
      java.lang.AssertionError: 
Expected: <201>
     but: was <422>
	at org.hamcrest.MatcherAssert.assertThat(MatcherAssert.java:20)
	at org.hamcrest.MatcherAssert.assertThat(MatcherAssert.java:8)
	at stepdefinitions.StepDefinition.verify_status_code_is(StepDefinition.java:88)
	at âœ½.Verify status code is 201(file:///D:/trainings/API%20Testing/API_Batch_12/Framework/api_framework2/src/test/resources/features/GithubCreateRepository.feature:10)

  And Validate Response body                                                               # stepdefinitions.StepDefinition.validate_resp_body()
---- After scenario ----
]]></system-out>
    <system-err><![CDATA[SLF4J: Failed to load class "org.slf4j.impl.StaticLoggerBinder".
SLF4J: Defaulting to no-operation (NOP) logger implementation
SLF4J: See http://www.slf4j.org/codes.html#StaticLoggerBinder for further details.
]]></system-err>
    <rerunFailure message="&#10;Expected: &lt;201&gt;&#10;     but: was &lt;422&gt;" type="java.lang.AssertionError">
      <stackTrace><![CDATA[java.lang.AssertionError: 

Expected: <201>
     but: was <422>
]]></stackTrace>
      <system-out><![CDATA[
Failed scenarios:
file:///D:/trainings/API%20Testing/API_Batch_12/Framework/api_framework2/src/test/resources/features/GithubCreateRepository.feature:15 # Create a public repository
file:///D:/trainings/API%20Testing/API_Batch_12/Framework/api_framework2/src/test/resources/features/GithubCreateRepository.feature:16 # Create a public repository

6 Scenarios (2 failed, 4 passed)
34 Steps (2 failed, 2 skipped, 30 passed)
0m28.637s


java.lang.AssertionError: 
Expected: <201>
     but: was <422>
	at org.hamcrest.MatcherAssert.assertThat(MatcherAssert.java:20)
	at org.hamcrest.MatcherAssert.assertThat(MatcherAssert.java:8)
	at stepdefinitions.StepDefinition.verify_status_code_is(StepDefinition.java:88)
	at ?.Verify status code is 201(file:///D:/trainings/API%20Testing/API_Batch_12/Framework/api_framework2/src/test/resources/features/GithubCreateRepository.feature:10)

java.lang.AssertionError: 
Expected: <201>
     but: was <422>
	at org.hamcrest.MatcherAssert.assertThat(MatcherAssert.java:20)
	at org.hamcrest.MatcherAssert.assertThat(MatcherAssert.java:8)
	at stepdefinitions.StepDefinition.verify_status_code_is(StepDefinition.java:88)
	at ?.Verify status code is 201(file:///D:/trainings/API%20Testing/API_Batch_12/Framework/api_framework2/src/test/resources/features/GithubCreateRepository.feature:10)



Scenario Outline: Create a public repository                                               # src/test/resources/features/GithubCreateRepository.feature:15
---- Before scenario ----
Executing Given
  Given Header "Authorization" has value "Bearer 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" # stepdefinitions.StepDefinition.header_has_value(java.lang.String,java.lang.String)
Framework_Repo1
  And JSON Payload is as below                                                             # stepdefinitions.StepDefinition.json_payload(io.cucumber.datatable.DataTable)
Request method:	POST
Request URI:	https://api.github.com/orgs/orgchandra/repos
Proxy:			<none>
Request params:	<none>
Query params:	<none>
Form params:	<none>
Path params:	<none>
Headers:		Authorization=Bearer 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
				Accept=*/*
				Content-Type=text/plain; charset=ISO-8859-1
Cookies:		<none>
Multiparts:		<none>
Body:
{"name":"Framework_Repo1","description":"This repo is from framework1","private":true}
Executing When
  When "POST" request is executed                                                          # stepdefinitions.StepDefinition.request_is_executed(java.lang.String)
  Then Verify status code is 201                                                           # stepdefinitions.StepDefinition.verify_status_code_is(java.lang.Integer)
      java.lang.AssertionError: 
Expected: <201>
     but: was <422>
	at org.hamcrest.MatcherAssert.assertThat(MatcherAssert.java:20)
	at org.hamcrest.MatcherAssert.assertThat(MatcherAssert.java:8)
	at stepdefinitions.StepDefinition.verify_status_code_is(StepDefinition.java:88)
	at âœ½.Verify status code is 201(file:///D:/trainings/API%20Testing/API_Batch_12/Framework/api_framework2/src/test/resources/features/GithubCreateRepository.feature:10)

  And Validate Response body                                                               # stepdefinitions.StepDefinition.validate_resp_body()
---- After scenario ----
]]></system-out>
      <system-err><![CDATA[Aug 11, 2021 7:15:18 AM tech.grasshopper.pdf.PDFCucumberReport collectReportConfiguration
INFO: PDF report configuration YAML file not found. Using default settings.
]]></system-err>
    </rerunFailure>
  </testcase>
  <testcase name="Create a public repository #2" classname="Create Repository" time="0.628">
    <failure message="&#10;Expected: &lt;201&gt;&#10;     but: was &lt;422&gt;" type="java.lang.AssertionError"><![CDATA[java.lang.AssertionError: 

Expected: <201>
     but: was <422>
]]></failure>
    <system-out><![CDATA[
Scenario Outline: Create a public repository                                               # src/test/resources/features/GithubCreateRepository.feature:16
---- Before scenario ----
Executing Given
  Given Header "Authorization" has value "Bearer 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" # stepdefinitions.StepDefinition.header_has_value(java.lang.String,java.lang.String)
Framework_Repo2
  And JSON Payload is as below                                                             # stepdefinitions.StepDefinition.json_payload(io.cucumber.datatable.DataTable)
Request method:	POST
Request URI:	https://api.github.com/orgs/orgchandra/repos
Proxy:			<none>
Request params:	<none>
Query params:	<none>
Form params:	<none>
Path params:	<none>
Headers:		Authorization=Bearer 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
				Accept=*/*
				Content-Type=text/plain; charset=ISO-8859-1
Cookies:		<none>
Multiparts:		<none>
Body:
{"name":"Framework_Repo2","description":"This repo is from framework2"}
Executing When
  When "POST" request is executed                                                          # stepdefinitions.StepDefinition.request_is_executed(java.lang.String)
  Then Verify status code is 201                                                           # stepdefinitions.StepDefinition.verify_status_code_is(java.lang.Integer)
      java.lang.AssertionError: 
Expected: <201>
     but: was <422>
	at org.hamcrest.MatcherAssert.assertThat(MatcherAssert.java:20)
	at org.hamcrest.MatcherAssert.assertThat(MatcherAssert.java:8)
	at stepdefinitions.StepDefinition.verify_status_code_is(StepDefinition.java:88)
	at âœ½.Verify status code is 201(file:///D:/trainings/API%20Testing/API_Batch_12/Framework/api_framework2/src/test/resources/features/GithubCreateRepository.feature:10)

  And Validate Response body                                                               # stepdefinitions.StepDefinition.validate_resp_body()
---- After scenario ----
]]></system-out>
    <rerunFailure message="&#10;Expected: &lt;201&gt;&#10;     but: was &lt;422&gt;" type="java.lang.AssertionError">
      <stackTrace><![CDATA[java.lang.AssertionError: 

Expected: <201>
     but: was <422>
]]></stackTrace>
      <system-out><![CDATA[
Scenario Outline: Create a public repository                                               # src/test/resources/features/GithubCreateRepository.feature:16
---- Before scenario ----
Executing Given
  Given Header "Authorization" has value "Bearer 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" # stepdefinitions.StepDefinition.header_has_value(java.lang.String,java.lang.String)
Framework_Repo2
  And JSON Payload is as below                                                             # stepdefinitions.StepDefinition.json_payload(io.cucumber.datatable.DataTable)
Request method:	POST
Request URI:	https://api.github.com/orgs/orgchandra/repos
Proxy:			<none>
Request params:	<none>
Query params:	<none>
Form params:	<none>
Path params:	<none>
Headers:		Authorization=Bearer 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
				Accept=*/*
				Content-Type=text/plain; charset=ISO-8859-1
Cookies:		<none>
Multiparts:		<none>
Body:
{"name":"Framework_Repo2","description":"This repo is from framework2"}
Executing When
  When "POST" request is executed                                                          # stepdefinitions.StepDefinition.request_is_executed(java.lang.String)
  Then Verify status code is 201                                                           # stepdefinitions.StepDefinition.verify_status_code_is(java.lang.Integer)
      java.lang.AssertionError: 
Expected: <201>
     but: was <422>
	at org.hamcrest.MatcherAssert.assertThat(MatcherAssert.java:20)
	at org.hamcrest.MatcherAssert.assertThat(MatcherAssert.java:8)
	at stepdefinitions.StepDefinition.verify_status_code_is(StepDefinition.java:88)
	at âœ½.Verify status code is 201(file:///D:/trainings/API%20Testing/API_Batch_12/Framework/api_framework2/src/test/resources/features/GithubCreateRepository.feature:10)

  And Validate Response body                                                               # stepdefinitions.StepDefinition.validate_resp_body()
---- After scenario ----
]]></system-out>
    </rerunFailure>
  </testcase>
  <testcase name="List repositories of organization #1" classname="List the organization repositories" time="0.549"/>
  <testcase name="List repositories of organization #2" classname="List the organization repositories" time="0.786"/>
  <testcase name="List repositories of organization #3" classname="List the organization repositories" time="0.627"/>
  <testcase name="List repositories of organization #4" classname="List the organization repositories" time="0.5"/>
</testsuite>