<?xml version="1.0" encoding="UTF-8"?>
<testsuite xmlns:xsi="http://www.w3.org/2001/XMLSchema-instance" xsi:noNamespaceSchemaLocation="https://maven.apache.org/surefire/maven-surefire-plugin/xsd/surefire-test-report-3.0.xsd" version="3.0" name="List the organization repositories" time="12.184" tests="4" errors="0" skipped="0" failures="1">
  <properties>
[...]
</properties>
  <testcase name="List repositories of organization #1" classname="List the organization repositories" time="9.619">
    <failure message="1 expectation failed.&#10;JSON path size() doesn&apos;t match.&#10;Expected: &lt;5&gt;&#10;  Actual: &lt;0&gt;&#10;" type="java.lang.AssertionError"><![CDATA[java.lang.AssertionError: 
1 expectation failed.
JSON path size() doesn't match.
Expected: <5>
  Actual: <0>

]]></failure>
    <system-out><![CDATA[
Scenario Outline: List repositories of organization                                 # src/test/resources/features/GithubListOrganizationRepositories.feature:17
Executing Given
  Given Header "Authorization" has value "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" # stepdefinitions.StepDefinition.header_has_value(java.lang.String,java.lang.String)
  And Query parameter "type" has value "private"                                    # stepdefinitions.StepDefinition.query_parameter_has_value(java.lang.String,java.lang.String)
  And Query parameter "per_page" has value ""                                       # stepdefinitions.StepDefinition.query_parameter_has_value(java.lang.String,java.lang.String)
  And Query parameter "page" has value ""                                           # stepdefinitions.StepDefinition.query_parameter_has_value(java.lang.String,java.lang.String)
Request method:	GET
Request URI:	https://api.github.com/orgs/orgchandra/repos?type=private
Proxy:			<none>
Request params:	<none>
Query params:	type=private
Form params:	<none>
Path params:	<none>
Headers:		Authorization=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
				Accept=*/*
Cookies:		<none>
Multiparts:		<none>
Body:			<none>
Executing When
  When "GET" request is executed                                                    # stepdefinitions.StepDefinition.request_is_executed(java.lang.String)
Executing Then
  Then Verify status code is 200                                                    # stepdefinitions.StepDefinition.verify_status_code_is(java.lang.Integer)
  And Verify count is 5                                                             # stepdefinitions.StepDefinition.verify_repo_count_is(int)
      java.lang.AssertionError: 1 expectation failed.
JSON path size() doesn't match.
Expected: <5>
  Actual: <0>

	at sun.reflect.NativeConstructorAccessorImpl.newInstance0(Native Method)
	at sun.reflect.NativeConstructorAccessorImpl.newInstance(NativeConstructorAccessorImpl.java:62)
	at sun.reflect.DelegatingConstructorAccessorImpl.newInstance(DelegatingConstructorAccessorImpl.java:45)
	at java.lang.reflect.Constructor.newInstance(Constructor.java:423)
	at org.codehaus.groovy.reflection.CachedConstructor.invoke(CachedConstructor.java:72)
	at org.codehaus.groovy.reflection.CachedConstructor.doConstructorInvoke(CachedConstructor.java:59)
	at org.codehaus.groovy.runtime.callsite.ConstructorSite$ConstructorSiteNoUnwrap.callConstructor(ConstructorSite.java:84)
	at org.codehaus.groovy.runtime.callsite.CallSiteArray.defaultCallConstructor(CallSiteArray.java:59)
	at org.codehaus.groovy.runtime.callsite.AbstractCallSite.callConstructor(AbstractCallSite.java:263)
	at org.codehaus.groovy.runtime.callsite.AbstractCallSite.callConstructor(AbstractCallSite.java:277)
	at io.restassured.internal.ResponseSpecificationImpl$HamcrestAssertionClosure.validate(ResponseSpecificationImpl.groovy:493)
	at io.restassured.internal.ResponseSpecificationImpl$HamcrestAssertionClosure$validate$2.call(Unknown Source)
	at org.codehaus.groovy.runtime.callsite.CallSiteArray.defaultCall(CallSiteArray.java:47)
	at org.codehaus.groovy.runtime.callsite.AbstractCallSite.call(AbstractCallSite.java:125)
	at org.codehaus.groovy.runtime.callsite.AbstractCallSite.call(AbstractCallSite.java:139)
	at io.restassured.internal.ResponseSpecificationImpl.validateResponseIfRequired(ResponseSpecificationImpl.groovy:674)
	at sun.reflect.NativeMethodAccessorImpl.invoke0(Native Method)
	at sun.reflect.NativeMethodAccessorImpl.invoke(NativeMethodAccessorImpl.java:62)
	at sun.reflect.DelegatingMethodAccessorImpl.invoke(DelegatingMethodAccessorImpl.java:43)
	at java.lang.reflect.Method.invoke(Method.java:498)
	at org.codehaus.groovy.runtime.callsite.PlainObjectMetaMethodSite.doInvoke(PlainObjectMetaMethodSite.java:43)
	at org.codehaus.groovy.runtime.callsite.PogoMetaMethodSite$PogoCachedMethodSiteNoUnwrapNoCoerce.invoke(PogoMetaMethodSite.java:193)
	at org.codehaus.groovy.runtime.callsite.PogoMetaMethodSite.callCurrent(PogoMetaMethodSite.java:61)
	at org.codehaus.groovy.runtime.callsite.CallSiteArray.defaultCallCurrent(CallSiteArray.java:51)
	at org.codehaus.groovy.runtime.callsite.AbstractCallSite.callCurrent(AbstractCallSite.java:171)
	at org.codehaus.groovy.runtime.callsite.AbstractCallSite.callCurrent(AbstractCallSite.java:185)
	at io.restassured.internal.ResponseSpecificationImpl.body(ResponseSpecificationImpl.groovy:261)
	at io.restassured.specification.ResponseSpecification$body$1.callCurrent(Unknown Source)
	at org.codehaus.groovy.runtime.callsite.CallSiteArray.defaultCallCurrent(CallSiteArray.java:51)
	at org.codehaus.groovy.runtime.callsite.AbstractCallSite.callCurrent(AbstractCallSite.java:171)
	at org.codehaus.groovy.runtime.callsite.AbstractCallSite.callCurrent(AbstractCallSite.java:212)
	at io.restassured.internal.ResponseSpecificationImpl.body(ResponseSpecificationImpl.groovy:108)
	at io.restassured.internal.ValidatableResponseOptionsImpl.body(ValidatableResponseOptionsImpl.java:244)
	at io.restassured.internal.ValidatableResponseImpl.super$2$body(ValidatableResponseImpl.groovy)
	at sun.reflect.NativeMethodAccessorImpl.invoke0(Native Method)
	at sun.reflect.NativeMethodAccessorImpl.invoke(NativeMethodAccessorImpl.java:62)
	at sun.reflect.DelegatingMethodAccessorImpl.invoke(DelegatingMethodAccessorImpl.java:43)
	at java.lang.reflect.Method.invoke(Method.java:498)
	at org.codehaus.groovy.reflection.CachedMethod.invoke(CachedMethod.java:107)
	at groovy.lang.MetaMethod.doMethodInvoke(MetaMethod.java:323)
	at groovy.lang.MetaClassImpl.invokeMethod(MetaClassImpl.java:1268)
	at org.codehaus.groovy.runtime.ScriptBytecodeAdapter.invokeMethodOnSuperN(ScriptBytecodeAdapter.java:144)
	at io.restassured.internal.ValidatableResponseImpl.body(ValidatableResponseImpl.groovy:298)
	at io.restassured.internal.ValidatableResponseImpl.body(ValidatableResponseImpl.groovy)
	at stepdefinitions.StepDefinition.verify_repo_count_is(StepDefinition.java:91)
	at âœ½.Verify count is 5(file:///D:/trainings/API%20Testing/API_Batch_12/Framework/api_framework2/src/test/resources/features/GithubListOrganizationRepositories.feature:13)

]]></system-out>
  </testcase>
  <testcase name="List repositories of organization #2" classname="List the organization repositories" time="1.553">
    <system-out><![CDATA[
Scenario Outline: List repositories of organization                                 # src/test/resources/features/GithubListOrganizationRepositories.feature:18
Executing Given
  Given Header "Authorization" has value "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" # stepdefinitions.StepDefinition.header_has_value(java.lang.String,java.lang.String)
  And Query parameter "type" has value "public"                                     # stepdefinitions.StepDefinition.query_parameter_has_value(java.lang.String,java.lang.String)
  And Query parameter "per_page" has value ""                                       # stepdefinitions.StepDefinition.query_parameter_has_value(java.lang.String,java.lang.String)
  And Query parameter "page" has value ""                                           # stepdefinitions.StepDefinition.query_parameter_has_value(java.lang.String,java.lang.String)
Request method:	GET
Request URI:	https://api.github.com/orgs/orgchandra/repos?type=public
Proxy:			<none>
Request params:	<none>
Query params:	type=public
Form params:	<none>
Path params:	<none>
Headers:		Authorization=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
				Accept=*/*
Cookies:		<none>
Multiparts:		<none>
Body:			<none>
Executing When
  When "GET" request is executed                                                    # stepdefinitions.StepDefinition.request_is_executed(java.lang.String)
Executing Then
  Then Verify status code is 200                                                    # stepdefinitions.StepDefinition.verify_status_code_is(java.lang.Integer)
  And Verify count is 10                                                            # stepdefinitions.StepDefinition.verify_repo_count_is(int)
]]></system-out>
  </testcase>
  <testcase name="List repositories of organization #3" classname="List the organization repositories" time="0.468">
    <system-out><![CDATA[
Scenario Outline: List repositories of organization                                 # src/test/resources/features/GithubListOrganizationRepositories.feature:19
Executing Given
  Given Header "Authorization" has value "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" # stepdefinitions.StepDefinition.header_has_value(java.lang.String,java.lang.String)
  And Query parameter "type" has value "private"                                    # stepdefinitions.StepDefinition.query_parameter_has_value(java.lang.String,java.lang.String)
  And Query parameter "per_page" has value "2"                                      # stepdefinitions.StepDefinition.query_parameter_has_value(java.lang.String,java.lang.String)
  And Query parameter "page" has value "1"                                          # stepdefinitions.StepDefinition.query_parameter_has_value(java.lang.String,java.lang.String)
Request method:	GET
Request URI:	https://api.github.com/orgs/orgchandra/repos?type=private&per_page=2&page=1
Proxy:			<none>
Request params:	<none>
Query params:	type=private
				per_page=2
				page=1
Form params:	<none>
Path params:	<none>
Headers:		Authorization=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
				Accept=*/*
Cookies:		<none>
Multiparts:		<none>
Body:			<none>
Executing When
  When "GET" request is executed                                                    # stepdefinitions.StepDefinition.request_is_executed(java.lang.String)
Executing Then
  Then Verify status code is 200                                                    # stepdefinitions.StepDefinition.verify_status_code_is(java.lang.Integer)
  And Verify count is 0                                                             # stepdefinitions.StepDefinition.verify_repo_count_is(int)
]]></system-out>
  </testcase>
  <testcase name="List repositories of organization #4" classname="List the organization repositories" time="0.538">
    <system-out><![CDATA[
Scenario Outline: List repositories of organization                                 # src/test/resources/features/GithubListOrganizationRepositories.feature:20
Executing Given
  Given Header "Authorization" has value "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" # stepdefinitions.StepDefinition.header_has_value(java.lang.String,java.lang.String)
  And Query parameter "type" has value "public"                                     # stepdefinitions.StepDefinition.query_parameter_has_value(java.lang.String,java.lang.String)
  And Query parameter "per_page" has value "2"                                      # stepdefinitions.StepDefinition.query_parameter_has_value(java.lang.String,java.lang.String)
  And Query parameter "page" has value "1"                                          # stepdefinitions.StepDefinition.query_parameter_has_value(java.lang.String,java.lang.String)
Request method:	GET
Request URI:	https://api.github.com/orgs/orgchandra/repos?type=public&per_page=2&page=1
Proxy:			<none>
Request params:	<none>
Query params:	type=public
				per_page=2
				page=1
Form params:	<none>
Path params:	<none>
Headers:		Authorization=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
				Accept=*/*
Cookies:		<none>
Multiparts:		<none>
Body:			<none>
Executing When
  When "GET" request is executed                                                    # stepdefinitions.StepDefinition.request_is_executed(java.lang.String)
Executing Then
  Then Verify status code is 200                                                    # stepdefinitions.StepDefinition.verify_status_code_is(java.lang.Integer)
  And Verify count is 2                                                             # stepdefinitions.StepDefinition.verify_repo_count_is(int)
]]></system-out>
  </testcase>
</testsuite>